{"uuid":"f966ae37-6236-468a-ad84-1a563e53a218","historyId":"f68ac6b0d39c5220a0485211c3954f75","fullName":"tests.Register.RegisterUser","labels":[{"name":"package","value":"tests.Register"},{"name":"testClass","value":"tests.Register"},{"name":"testMethod","value":"RegisterUser"},{"name":"parentSuite","value":"Suite"},{"name":"suite","value":"Test"},{"name":"subSuite","value":"tests.Register"},{"name":"host","value":"E1202505"},{"name":"thread","value":"4484@E1202505.main(1)"},{"name":"framework","value":"testng"},{"name":"language","value":"java"}],"links":[],"name":"RegisterUser","status":"failed","statusDetails":{"known":false,"muted":false,"flaky":false,"message":"Failed to Get text from \"By.xpath: //div[@class='login-form']/h2/b\". Root cause: \"org.openqa.selenium.NoSuchElementException: no such element: Unable to locate element: {\"method\":\"xpath\",\"selector\":\"//div[@class='login-form']/h2/b\"}\"","trace":"java.lang.AssertionError: Failed to Get text from \"By.xpath: //div[@class='login-form']/h2/b\". Root cause: \"org.openqa.selenium.NoSuchElementException: no such element: Unable to locate element: {\"method\":\"xpath\",\"selector\":\"//div[@class='login-form']/h2/b\"}\"\r\n\tat org.testng.Assert.fail(Assert.java:99)\r\n\tat com.shaft.gui.element.internal.ElementActionsHelper.failAction(ElementActionsHelper.java:997)\r\n\tat com.shaft.gui.element.internal.ElementActionsHelper.failAction(ElementActionsHelper.java:928)\r\n\tat com.shaft.gui.element.internal.FluentElementActions.getText(FluentElementActions.java:576)\r\n\tat pages.SignUpPage.EnterAccountInformationIsVisible(SignUpPage.java:74)\r\n\tat tests.Register.RegisterUser(Register.java:30)\r\n\tat java.base/jdk.internal.reflect.NativeMethodAccessorImpl.invoke0(Native Method)\r\n\tat java.base/jdk.internal.reflect.NativeMethodAccessorImpl.invoke(NativeMethodAccessorImpl.java:77)\r\n\tat java.base/jdk.internal.reflect.DelegatingMethodAccessorImpl.invoke(DelegatingMethodAccessorImpl.java:43)\r\n\tat java.base/java.lang.reflect.Method.invoke(Method.java:568)\r\n\tat org.testng.internal.invokers.MethodInvocationHelper.invokeMethod(MethodInvocationHelper.java:139)\r\n\tat org.testng.internal.invokers.TestInvoker.invokeMethod(TestInvoker.java:664)\r\n\tat org.testng.internal.invokers.TestInvoker.invokeTestMethod(TestInvoker.java:227)\r\n\tat org.testng.internal.invokers.MethodRunner.runInSequence(MethodRunner.java:50)\r\n\tat org.testng.internal.invokers.TestInvoker$MethodInvocationAgent.invoke(TestInvoker.java:957)\r\n\tat org.testng.internal.invokers.TestInvoker.invokeTestMethods(TestInvoker.java:200)\r\n\tat org.testng.internal.invokers.TestMethodWorker.invokeTestMethods(TestMethodWorker.java:148)\r\n\tat org.testng.internal.invokers.TestMethodWorker.run(TestMethodWorker.java:128)\r\n\tat java.base/java.util.ArrayList.forEach(ArrayList.java:1511)\r\n\tat org.testng.TestRunner.privateRun(TestRunner.java:848)\r\n\tat org.testng.TestRunner.run(TestRunner.java:621)\r\n\tat org.testng.SuiteRunner.runTest(SuiteRunner.java:443)\r\n\tat org.testng.SuiteRunner.runSequentially(SuiteRunner.java:437)\r\n\tat org.testng.SuiteRunner.privateRun(SuiteRunner.java:397)\r\n\tat org.testng.SuiteRunner.run(SuiteRunner.java:336)\r\n\tat org.testng.SuiteRunnerWorker.runSuite(SuiteRunnerWorker.java:52)\r\n\tat org.testng.SuiteRunnerWorker.run(SuiteRunnerWorker.java:95)\r\n\tat org.testng.TestNG.runSuitesSequentially(TestNG.java:1280)\r\n\tat org.testng.TestNG.runSuitesLocally(TestNG.java:1200)\r\n\tat org.testng.TestNG.runSuites(TestNG.java:1114)\r\n\tat org.testng.TestNG.run(TestNG.java:1082)\r\n\tat org.apache.maven.surefire.testng.TestNGExecutor.run(TestNGExecutor.java:155)\r\n\tat org.apache.maven.surefire.testng.TestNGDirectoryTestSuite.executeSingleClass(TestNGDirectoryTestSuite.java:102)\r\n\tat org.apache.maven.surefire.testng.TestNGDirectoryTestSuite.execute(TestNGDirectoryTestSuite.java:91)\r\n\tat org.apache.maven.surefire.testng.TestNGProvider.invoke(TestNGProvider.java:137)\r\n\tat org.apache.maven.surefire.booter.ForkedBooter.runSuitesInProcess(ForkedBooter.java:385)\r\n\tat org.apache.maven.surefire.booter.ForkedBooter.execute(ForkedBooter.java:162)\r\n\tat org.apache.maven.surefire.booter.ForkedBooter.run(ForkedBooter.java:507)\r\n\tat org.apache.maven.surefire.booter.ForkedBooter.main(ForkedBooter.java:495)\r\nCaused by: java.lang.AssertionError: Failed to identify unique element using this locator \"By.xpath: //div[@class='login-form']/h2/b\" Root cause: \"org.openqa.selenium.NoSuchElementException: no such element: Unable to locate element: {\"method\":\"xpath\",\"selector\":\"//div[@class='login-form']/h2/b\"}\"\r\n\tat org.testng.Assert.fail(Assert.java:99)\r\n\tat com.shaft.tools.io.internal.FailureReporter.fail(FailureReporter.java:34)\r\n\tat com.shaft.gui.element.internal.ElementActionsHelper.identifyUniqueElement(ElementActionsHelper.java:837)\r\n\tat com.shaft.gui.element.internal.ElementActionsHelper.identifyUniqueElementIgnoringVisibility(ElementActionsHelper.java:825)\r\n\tat com.shaft.gui.element.internal.FluentElementActions.getText(FluentElementActions.java:547)\r\n\t... 35 more\r\nCaused by: org.openqa.selenium.TimeoutException: Expected condition failed: waiting for com.shaft.gui.element.internal.ElementActionsHelper$$Lambda$881/0x000002d53e595000@14a3d15b (tried for 60 second(s) with 100 milliseconds interval)\r\n\tat org.openqa.selenium.support.ui.FluentWait.timeoutException(FluentWait.java:262)\r\n\tat org.openqa.selenium.support.ui.FluentWait.until(FluentWait.java:230)\r\n\tat com.shaft.gui.element.internal.ElementActionsHelper.waitForElementPresence(ElementActionsHelper.java:166)\r\n\tat com.shaft.gui.element.internal.ElementActionsHelper.getMatchingElementsInformation(ElementActionsHelper.java:867)\r\n\tat com.shaft.gui.element.internal.ElementActionsHelper.identifyUniqueElement(ElementActionsHelper.java:830)\r\n\t... 37 more\r\nCaused by: org.openqa.selenium.NoSuchElementException: no such element: Unable to locate element: {\"method\":\"xpath\",\"selector\":\"//div[@class='login-form']/h2/b\"}\n  (Session info: MicrosoftEdge=115.0.1901.203)\nFor documentation on this error, please visit: https://www.selenium.dev/documentation/webdriver/troubleshooting/errors#no-such-element-exception\nBuild info: version: '4.11.0', revision: '040bc5406b'\nSystem info: os.name: 'Windows 11', os.arch: 'amd64', os.version: '10.0', java.version: '17.0.8'\nDriver info: org.openqa.selenium.edge.EdgeDriver\nCommand: [46a47931a0f5108af3bb911f73db2541, findElement {using=xpath, value=//div[@class='login-form']/h2/b}]\nCapabilities {acceptInsecureCerts: true, browserName: msedge, browserVersion: 115.0.1901.203, ms:edgeOptions: {debuggerAddress: localhost:63744}, msedge: {msedgedriverVersion: 115.0.1901.203 (a5a2b1779bc..., userDataDir: C:\\Users\\SaadS3\\AppData\\Loc...}, networkConnectionEnabled: false, pageLoadStrategy: none, platformName: windows, proxy: Proxy(), se:cdp: ws://localhost:63744/devtoo..., se:cdpVersion: 115.0.1901.203, setWindowRect: true, strictFileInteractability: false, timeouts: {implicit: 0, pageLoad: 60000, script: 30000}, unhandledPromptBehavior: accept and notify, webauthn:extension:credBlob: true, webauthn:extension:largeBlob: true, webauthn:extension:minPinLength: true, webauthn:extension:prf: true, webauthn:virtualAuthenticators: true}\nSession ID: 46a47931a0f5108af3bb911f73db2541\r\n\tat jdk.internal.reflect.GeneratedConstructorAccessor26.newInstance(Unknown Source)\r\n\tat java.base/jdk.internal.reflect.DelegatingConstructorAccessorImpl.newInstance(DelegatingConstructorAccessorImpl.java:45)\r\n\tat java.base/java.lang.reflect.Constructor.newInstanceWithCaller(Constructor.java:499)\r\n\tat java.base/java.lang.reflect.Constructor.newInstance(Constructor.java:480)\r\n\tat org.openqa.selenium.remote.codec.w3c.W3CHttpResponseCodec.createException(W3CHttpResponseCodec.java:200)\r\n\tat org.openqa.selenium.remote.codec.w3c.W3CHttpResponseCodec.decode(W3CHttpResponseCodec.java:133)\r\n\tat org.openqa.selenium.remote.codec.w3c.W3CHttpResponseCodec.decode(W3CHttpResponseCodec.java:52)\r\n\tat org.openqa.selenium.remote.HttpCommandExecutor.execute(HttpCommandExecutor.java:191)\r\n\tat org.openqa.selenium.remote.service.DriverCommandExecutor.invokeExecute(DriverCommandExecutor.java:196)\r\n\tat org.openqa.selenium.remote.service.DriverCommandExecutor.execute(DriverCommandExecutor.java:171)\r\n\tat org.openqa.selenium.remote.RemoteWebDriver.execute(RemoteWebDriver.java:518)\r\n\tat org.openqa.selenium.remote.ElementLocation$ElementFinder$2.findElement(ElementLocation.java:165)\r\n\tat org.openqa.selenium.remote.ElementLocation.findElement(ElementLocation.java:59)\r\n\tat org.openqa.selenium.remote.RemoteWebDriver.findElement(RemoteWebDriver.java:355)\r\n\tat org.openqa.selenium.remote.RemoteWebDriver.findElement(RemoteWebDriver.java:349)\r\n\tat com.shaft.gui.element.internal.ElementActionsHelper.lambda$waitForElementPresence$0(ElementActionsHelper.java:178)\r\n\tat org.openqa.selenium.support.ui.FluentWait.until(FluentWait.java:205)\r\n\t... 40 more\r\n"},"stage":"finished","steps":[{"name":"Navigate to url \"http://automationexercise.com\".","status":"passed","stage":"finished","steps":[],"attachments":[],"parameters":[],"start":1692105597769,"stop":1692105597769},{"name":"Click \"ï€£ Signup / Login\".","status":"passed","stage":"finished","steps":[],"attachments":[],"parameters":[],"start":1692105598094,"stop":1692105598094},{"name":"Type \"Shereen\" into \"Name\".","status":"passed","stage":"finished","steps":[],"attachments":[],"parameters":[],"start":1692105599048,"stop":1692105599048},{"name":"Type \"shereen101@gmail.com\" into \"Email Address\".","status":"passed","stage":"finished","steps":[],"attachments":[],"parameters":[],"start":1692105599184,"stop":1692105599184},{"name":"Click \"Signup\".","status":"passed","stage":"finished","steps":[],"attachments":[],"parameters":[],"start":1692105599429,"stop":1692105599429},{"name":"Failed to Get text from \"By.xpath: //div[@class='login-form']/h2/b\". Root cause: \"org.openqa.selenium.NoSuchElementException: no such element: Unable to locate element: {\"method\":\"xpath\",\"selector\":\"//div[@class='login-form']/h2/b\"}\"","status":"passed","statusDetails":{"known":false,"muted":false,"flaky":false,"trace":"java.io.ByteArrayInputStream@6409a49a\r\njava.lang.AssertionError: Failed to identify unique element using this locator \"By.xpath: //div[@class='login-form']/h2/b\" Root cause: \"org.openqa.selenium.NoSuchElementException: no such element: Unable to locate element: {\"method\":\"xpath\",\"selector\":\"//div[@class='login-form']/h2/b\"}\"\r\n org.testng.Assert.fail(Assert.java:99)\r\n com.shaft.tools.io.internal.FailureReporter.fail(FailureReporter.java:34)\r\n com.shaft.gui.element.internal.ElementActionsHelper.identifyUniqueElement(ElementActionsHelper.java:837)\r\n com.shaft.gui.element.internal.ElementActionsHelper.identifyUniqueElementIgnoringVisibility(ElementActionsHelper.java:825)\r\n com.shaft.gui.element.internal.FluentElementActions.getText(FluentElementActions.java:547)\r\n pages.SignUpPage.EnterAccountInformationIsVisible(SignUpPage.java:74)\r\n tests.Register.RegisterUser(Register.java:30)\r\n java.base/jdk.internal.reflect.NativeMethodAccessorImpl.invoke0(Native Method)\r\n java.base/jdk.internal.reflect.NativeMethodAccessorImpl.invoke(NativeMethodAccessorImpl.java:77)\r\n java.base/jdk.internal.reflect.DelegatingMethodAccessorImpl.invoke(DelegatingMethodAccessorImpl.java:43)\r\n java.base/java.lang.reflect.Method.invoke(Method.java:568)\r\n org.testng.internal.invokers.MethodInvocationHelper.invokeMethod(MethodInvocationHelper.java:139)\r\n org.testng.internal.invokers.TestInvoker.invokeMethod(TestInvoker.java:664)\r\n org.testng.internal.invokers.TestInvoker.invokeTestMethod(TestInvoker.java:227)\r\n org.testng.internal.invokers.MethodRunner.runInSequence(MethodRunner.java:50)\r\n org.testng.internal.invokers.TestInvoker$MethodInvocationAgent.invoke(TestInvoker.java:957)\r\n org.testng.internal.invokers.TestInvoker.invokeTestMethods(TestInvoker.java:200)\r\n org.testng.internal.invokers.TestMethodWorker.invokeTestMethods(TestMethodWorker.java:148)\r\n org.testng.internal.invokers.TestMethodWorker.run(TestMethodWorker.java:128)\r\n java.base/java.util.ArrayList.forEach(ArrayList.java:1511)\r\n org.testng.TestRunner.privateRun(TestRunner.java:848)\r\n org.testng.TestRunner.run(TestRunner.java:621)\r\n org.testng.SuiteRunner.runTest(SuiteRunner.java:443)\r\n org.testng.SuiteRunner.runSequentially(SuiteRunner.java:437)\r\n org.testng.SuiteRunner.privateRun(SuiteRunner.java:397)\r\n org.testng.SuiteRunner.run(SuiteRunner.java:336)\r\n org.testng.SuiteRunnerWorker.runSuite(SuiteRunnerWorker.java:52)\r\n org.testng.SuiteRunnerWorker.run(SuiteRunnerWorker.java:95)\r\n org.testng.TestNG.runSuitesSequentially(TestNG.java:1280)\r\n org.testng.TestNG.runSuitesLocally(TestNG.java:1200)\r\n org.testng.TestNG.runSuites(TestNG.java:1114)\r\n org.testng.TestNG.run(TestNG.java:1082)\r\n org.apache.maven.surefire.testng.TestNGExecutor.run(TestNGExecutor.java:155)\r\n org.apache.maven.surefire.testng.TestNGDirectoryTestSuite.executeSingleClass(TestNGDirectoryTestSuite.java:102)\r\n org.apache.maven.surefire.testng.TestNGDirectoryTestSuite.execute(TestNGDirectoryTestSuite.java:91)\r\n org.apache.maven.surefire.testng.TestNGProvider.invoke(TestNGProvider.java:137)\r\n org.apache.maven.surefire.booter.ForkedBooter.runSuitesInProcess(ForkedBooter.java:385)\r\n org.apache.maven.surefire.booter.ForkedBooter.execute(ForkedBooter.java:162)\r\n org.apache.maven.surefire.booter.ForkedBooter.run(ForkedBooter.java:507)\r\n org.apache.maven.surefire.booter.ForkedBooter.main(ForkedBooter.java:495)\r\n\r\nCaused by: org.openqa.selenium.TimeoutException: Expected condition failed: waiting for com.shaft.gui.element.internal.ElementActionsHelper$$Lambda$881/0x000002d53e595000@14a3d15b (tried for 60 second(s) with 100 milliseconds interval)\r\n org.openqa.selenium.support.ui.FluentWait.timeoutException(FluentWait.java:262)\r\n org.openqa.selenium.support.ui.FluentWait.until(FluentWait.java:230)\r\n com.shaft.gui.element.internal.ElementActionsHelper.waitForElementPresence(ElementActionsHelper.java:166)\r\n com.shaft.gui.element.internal.ElementActionsHelper.getMatchingElementsInformation(ElementActionsHelper.java:867)\r\n com.shaft.gui.element.internal.ElementActionsHelper.identifyUniqueElement(ElementActionsHelper.java:830)\r\n com.shaft.gui.element.internal.ElementActionsHelper.identifyUniqueElementIgnoringVisibility(ElementActionsHelper.java:825)\r\n com.shaft.gui.element.internal.FluentElementActions.getText(FluentElementActions.java:547)\r\n pages.SignUpPage.EnterAccountInformationIsVisible(SignUpPage.java:74)\r\n tests.Register.RegisterUser(Register.java:30)\r\n java.base/jdk.internal.reflect.NativeMethodAccessorImpl.invoke0(Native Method)\r\n java.base/jdk.internal.reflect.NativeMethodAccessorImpl.invoke(NativeMethodAccessorImpl.java:77)\r\n java.base/jdk.internal.reflect.DelegatingMethodAccessorImpl.invoke(DelegatingMethodAccessorImpl.java:43)\r\n java.base/java.lang.reflect.Method.invoke(Method.java:568)\r\n org.testng.internal.invokers.MethodInvocationHelper.invokeMethod(MethodInvocationHelper.java:139)\r\n org.testng.internal.invokers.TestInvoker.invokeMethod(TestInvoker.java:664)\r\n org.testng.internal.invokers.TestInvoker.invokeTestMethod(TestInvoker.java:227)\r\n org.testng.internal.invokers.MethodRunner.runInSequence(MethodRunner.java:50)\r\n org.testng.internal.invokers.TestInvoker$MethodInvocationAgent.invoke(TestInvoker.java:957)\r\n org.testng.internal.invokers.TestInvoker.invokeTestMethods(TestInvoker.java:200)\r\n org.testng.internal.invokers.TestMethodWorker.invokeTestMethods(TestMethodWorker.java:148)\r\n org.testng.internal.invokers.TestMethodWorker.run(TestMethodWorker.java:128)\r\n java.base/java.util.ArrayList.forEach(ArrayList.java:1511)\r\n org.testng.TestRunner.privateRun(TestRunner.java:848)\r\n org.testng.TestRunner.run(TestRunner.java:621)\r\n org.testng.SuiteRunner.runTest(SuiteRunner.java:443)\r\n org.testng.SuiteRunner.runSequentially(SuiteRunner.java:437)\r\n org.testng.SuiteRunner.privateRun(SuiteRunner.java:397)\r\n org.testng.SuiteRunner.run(SuiteRunner.java:336)\r\n org.testng.SuiteRunnerWorker.runSuite(SuiteRunnerWorker.java:52)\r\n org.testng.SuiteRunnerWorker.run(SuiteRunnerWorker.java:95)\r\n org.testng.TestNG.runSuitesSequentially(TestNG.java:1280)\r\n org.testng.TestNG.runSuitesLocally(TestNG.java:1200)\r\n org.testng.TestNG.runSuites(TestNG.java:1114)\r\n org.testng.TestNG.run(TestNG.java:1082)\r\n org.apache.maven.surefire.testng.TestNGExecutor.run(TestNGExecutor.java:155)\r\n org.apache.maven.surefire.testng.TestNGDirectoryTestSuite.executeSingleClass(TestNGDirectoryTestSuite.java:102)\r\n org.apache.maven.surefire.testng.TestNGDirectoryTestSuite.execute(TestNGDirectoryTestSuite.java:91)\r\n org.apache.maven.surefire.testng.TestNGProvider.invoke(TestNGProvider.java:137)\r\n org.apache.maven.surefire.booter.ForkedBooter.runSuitesInProcess(ForkedBooter.java:385)\r\n org.apache.maven.surefire.booter.ForkedBooter.execute(ForkedBooter.java:162)\r\n org.apache.maven.surefire.booter.ForkedBooter.run(ForkedBooter.java:507)\r\n org.apache.maven.surefire.booter.ForkedBooter.main(ForkedBooter.java:495)\r\n\r\nCaused by: org.openqa.selenium.NoSuchElementException: no such element: Unable to locate element: {\"method\":\"xpath\",\"selector\":\"//div[@class='login-form']/h2/b\"}\n  (Session info: MicrosoftEdge=115.0.1901.203)\nFor documentation on this error, please visit: https://www.selenium.dev/documentation/webdriver/troubleshooting/errors#no-such-element-exception\nBuild info: version: '4.11.0', revision: '040bc5406b'\nSystem info: os.name: 'Windows 11', os.arch: 'amd64', os.version: '10.0', java.version: '17.0.8'\nDriver info: org.openqa.selenium.edge.EdgeDriver\nCommand: [46a47931a0f5108af3bb911f73db2541, findElement {using=xpath, value=//div[@class='login-form']/h2/b}]\nCapabilities {acceptInsecureCerts: true, browserName: msedge, browserVersion: 115.0.1901.203, ms:edgeOptions: {debuggerAddress: localhost:63744}, msedge: {msedgedriverVersion: 115.0.1901.203 (a5a2b1779bc..., userDataDir: C:\\Users\\SaadS3\\AppData\\Loc...}, networkConnectionEnabled: false, pageLoadStrategy: none, platformName: windows, proxy: Proxy(), se:cdp: ws://localhost:63744/devtoo..., se:cdpVersion: 115.0.1901.203, setWindowRect: true, strictFileInteractability: false, timeouts: {implicit: 0, pageLoad: 60000, script: 30000}, unhandledPromptBehavior: accept and notify, webauthn:extension:credBlob: true, webauthn:extension:largeBlob: true, webauthn:extension:minPinLength: true, webauthn:extension:prf: true, webauthn:virtualAuthenticators: true}\nSession ID: 46a47931a0f5108af3bb911f73db2541\r\n jdk.internal.reflect.GeneratedConstructorAccessor26.newInstance(Unknown Source)\r\n java.base/jdk.internal.reflect.DelegatingConstructorAccessorImpl.newInstance(DelegatingConstructorAccessorImpl.java:45)\r\n java.base/java.lang.reflect.Constructor.newInstanceWithCaller(Constructor.java:499)\r\n java.base/java.lang.reflect.Constructor.newInstance(Constructor.java:480)\r\n org.openqa.selenium.remote.codec.w3c.W3CHttpResponseCodec.createException(W3CHttpResponseCodec.java:200)\r\n org.openqa.selenium.remote.codec.w3c.W3CHttpResponseCodec.decode(W3CHttpResponseCodec.java:133)\r\n org.openqa.selenium.remote.codec.w3c.W3CHttpResponseCodec.decode(W3CHttpResponseCodec.java:52)\r\n org.openqa.selenium.remote.HttpCommandExecutor.execute(HttpCommandExecutor.java:191)\r\n org.openqa.selenium.remote.service.DriverCommandExecutor.invokeExecute(DriverCommandExecutor.java:196)\r\n org.openqa.selenium.remote.service.DriverCommandExecutor.execute(DriverCommandExecutor.java:171)\r\n org.openqa.selenium.remote.RemoteWebDriver.execute(RemoteWebDriver.java:518)\r\n org.openqa.selenium.remote.ElementLocation$ElementFinder$2.findElement(ElementLocation.java:165)\r\n org.openqa.selenium.remote.ElementLocation.findElement(ElementLocation.java:59)\r\n org.openqa.selenium.remote.RemoteWebDriver.findElement(RemoteWebDriver.java:355)\r\n org.openqa.selenium.remote.RemoteWebDriver.findElement(RemoteWebDriver.java:349)\r\n com.shaft.gui.element.internal.ElementActionsHelper.lambda$waitForElementPresence$0(ElementActionsHelper.java:178)\r\n org.openqa.selenium.support.ui.FluentWait.until(FluentWait.java:205)\r\n com.shaft.gui.element.internal.ElementActionsHelper.waitForElementPresence(ElementActionsHelper.java:166)\r\n com.shaft.gui.element.internal.ElementActionsHelper.getMatchingElementsInformation(ElementActionsHelper.java:867)\r\n com.shaft.gui.element.internal.ElementActionsHelper.identifyUniqueElement(ElementActionsHelper.java:830)\r\n com.shaft.gui.element.internal.ElementActionsHelper.identifyUniqueElementIgnoringVisibility(ElementActionsHelper.java:825)\r\n com.shaft.gui.element.internal.FluentElementActions.getText(FluentElementActions.java:547)\r\n pages.SignUpPage.EnterAccountInformationIsVisible(SignUpPage.java:74)\r\n tests.Register.RegisterUser(Register.java:30)\r\n java.base/jdk.internal.reflect.NativeMethodAccessorImpl.invoke0(Native Method)\r\n java.base/jdk.internal.reflect.NativeMethodAccessorImpl.invoke(NativeMethodAccessorImpl.java:77)\r\n java.base/jdk.internal.reflect.DelegatingMethodAccessorImpl.invoke(DelegatingMethodAccessorImpl.java:43)\r\n java.base/java.lang.reflect.Method.invoke(Method.java:568)\r\n org.testng.internal.invokers.MethodInvocationHelper.invokeMethod(MethodInvocationHelper.java:139)\r\n org.testng.internal.invokers.TestInvoker.invokeMethod(TestInvoker.java:664)\r\n org.testng.internal.invokers.TestInvoker.invokeTestMethod(TestInvoker.java:227)\r\n org.testng.internal.invokers.MethodRunner.runInSequence(MethodRunner.java:50)\r\n org.testng.internal.invokers.TestInvoker$MethodInvocationAgent.invoke(TestInvoker.java:957)\r\n org.testng.internal.invokers.TestInvoker.invokeTestMethods(TestInvoker.java:200)\r\n org.testng.internal.invokers.TestMethodWorker.invokeTestMethods(TestMethodWorker.java:148)\r\n org.testng.internal.invokers.TestMethodWorker.run(TestMethodWorker.java:128)\r\n java.base/java.util.ArrayList.forEach(ArrayList.java:1511)\r\n org.testng.TestRunner.privateRun(TestRunner.java:848)\r\n org.testng.TestRunner.run(TestRunner.java:621)\r\n org.testng.SuiteRunner.runTest(SuiteRunner.java:443)\r\n org.testng.SuiteRunner.runSequentially(SuiteRunner.java:437)\r\n org.testng.SuiteRunner.privateRun(SuiteRunner.java:397)\r\n org.testng.SuiteRunner.run(SuiteRunner.java:336)\r\n org.testng.SuiteRunnerWorker.runSuite(SuiteRunnerWorker.java:52)\r\n org.testng.SuiteRunnerWorker.run(SuiteRunnerWorker.java:95)\r\n org.testng.TestNG.runSuitesSequentially(TestNG.java:1280)\r\n org.testng.TestNG.runSuitesLocally(TestNG.java:1200)\r\n org.testng.TestNG.runSuites(TestNG.java:1114)\r\n org.testng.TestNG.run(TestNG.java:1082)\r\n org.apache.maven.surefire.testng.TestNGExecutor.run(TestNGExecutor.java:155)\r\n org.apache.maven.surefire.testng.TestNGDirectoryTestSuite.executeSingleClass(TestNGDirectoryTestSuite.java:102)\r\n org.apache.maven.surefire.testng.TestNGDirectoryTestSuite.execute(TestNGDirectoryTestSuite.java:91)\r\n org.apache.maven.surefire.testng.TestNGProvider.invoke(TestNGProvider.java:137)\r\n org.apache.maven.surefire.booter.ForkedBooter.runSuitesInProcess(ForkedBooter.java:385)\r\n org.apache.maven.surefire.booter.ForkedBooter.execute(ForkedBooter.java:162)\r\n org.apache.maven.surefire.booter.ForkedBooter.run(ForkedBooter.java:507)\r\n org.apache.maven.surefire.booter.ForkedBooter.main(ForkedBooter.java:495)"},"stage":"finished","steps":[],"attachments":[{"name":"Screenshot - 1692105661043_RegisterUser_Get text_failed","source":"d79fbf70-22c2-4c6c-910b-a9ece5317a9c-attachment.png","type":"image/png"},{"name":"Element Action Exception - Get text - Stacktrace","source":"1b455224-bec1-4faf-b31a-b4007d18dc3d-attachment"}],"parameters":[{"name":"logText","value":"Failed to Get text from \"By.xpath: //div[@class='login-form']/h2/b\". Root cause: \"org.openqa.selenium.NoSuchElementException: no such element: Unable to locate element: {\"method\":\"xpath\",\"selector\":\"//div[@class='login-form']/h2/b\"}\""},{"name":"attachments","value":"[[Screenshot, 1692105661043_RegisterUser_Get text_failed, java.io.ByteArrayInputStream@6409a49a], [Element Action Exception - Get text, Stacktrace, java.lang.AssertionError: Failed to identify unique element using this locator \"By.xpath: //div[@class='login-form']/h2/b\" Root cause: \"org.openqa.selenium.NoSuchElementException: no such element: Unable to locate element: {\"method\":\"xpath\",\"selector\":\"//div[@class='login-form']/h2/b\"}\"\r\n org.testng.Assert.fail(Assert.java:99)\r\n com.shaft.tools.io.internal.FailureReporter.fail(FailureReporter.java:34)\r\n com.shaft.gui.element.internal.ElementActionsHelper.identifyUniqueElement(ElementActionsHelper.java:837)\r\n com.shaft.gui.element.internal.ElementActionsHelper.identifyUniqueElementIgnoringVisibility(ElementActionsHelper.java:825)\r\n com.shaft.gui.element.internal.FluentElementActions.getText(FluentElementActions.java:547)\r\n pages.SignUpPage.EnterAccountInformationIsVisible(SignUpPage.java:74)\r\n tests.Register.RegisterUser(Register.java:30)\r\n java.base/jdk.internal.reflect.NativeMethodAccessorImpl.invoke0(Native Method)\r\n java.base/jdk.internal.reflect.NativeMethodAccessorImpl.invoke(NativeMethodAccessorImpl.java:77)\r\n java.base/jdk.internal.reflect.DelegatingMethodAccessorImpl.invoke(DelegatingMethodAccessorImpl.java:43)\r\n java.base/java.lang.reflect.Method.invoke(Method.java:568)\r\n org.testng.internal.invokers.MethodInvocationHelper.invokeMethod(MethodInvocationHelper.java:139)\r\n org.testng.internal.invokers.TestInvoker.invokeMethod(TestInvoker.java:664)\r\n org.testng.internal.invokers.TestInvoker.invokeTestMethod(TestInvoker.java:227)\r\n org.testng.internal.invokers.MethodRunner.runInSequence(MethodRunner.java:50)\r\n org.testng.internal.invokers.TestInvoker$MethodInvocationAgent.invoke(TestInvoker.java:957)\r\n org.testng.internal.invokers.TestInvoker.invokeTestMethods(TestInvoker.java:200)\r\n org.testng.internal.invokers.TestMethodWorker.invokeTestMethods(TestMethodWorker.java:148)\r\n org.testng.internal.invokers.TestMethodWorker.run(TestMethodWorker.java:128)\r\n java.base/java.util.ArrayList.forEach(ArrayList.java:1511)\r\n org.testng.TestRunner.privateRun(TestRunner.java:848)\r\n org.testng.TestRunner.run(TestRunner.java:621)\r\n org.testng.SuiteRunner.runTest(SuiteRunner.java:443)\r\n org.testng.SuiteRunner.runSequentially(SuiteRunner.java:437)\r\n org.testng.SuiteRunner.privateRun(SuiteRunner.java:397)\r\n org.testng.SuiteRunner.run(SuiteRunner.java:336)\r\n org.testng.SuiteRunnerWorker.runSuite(SuiteRunnerWorker.java:52)\r\n org.testng.SuiteRunnerWorker.run(SuiteRunnerWorker.java:95)\r\n org.testng.TestNG.runSuitesSequentially(TestNG.java:1280)\r\n org.testng.TestNG.runSuitesLocally(TestNG.java:1200)\r\n org.testng.TestNG.runSuites(TestNG.java:1114)\r\n org.testng.TestNG.run(TestNG.java:1082)\r\n org.apache.maven.surefire.testng.TestNGExecutor.run(TestNGExecutor.java:155)\r\n org.apache.maven.surefire.testng.TestNGDirectoryTestSuite.executeSingleClass(TestNGDirectoryTestSuite.java:102)\r\n org.apache.maven.surefire.testng.TestNGDirectoryTestSuite.execute(TestNGDirectoryTestSuite.java:91)\r\n org.apache.maven.surefire.testng.TestNGProvider.invoke(TestNGProvider.java:137)\r\n org.apache.maven.surefire.booter.ForkedBooter.runSuitesInProcess(ForkedBooter.java:385)\r\n org.apache.maven.surefire.booter.ForkedBooter.execute(ForkedBooter.java:162)\r\n org.apache.maven.surefire.booter.ForkedBooter.run(ForkedBooter.java:507)\r\n org.apache.maven.surefire.booter.ForkedBooter.main(ForkedBooter.java:495)\r\n\r\nCaused by: org.openqa.selenium.TimeoutException: Expected condition failed: waiting for com.shaft.gui.element.internal.ElementActionsHelper$$Lambda$881/0x000002d53e595000@14a3d15b (tried for 60 second(s) with 100 milliseconds interval)\r\n org.openqa.selenium.support.ui.FluentWait.timeoutException(FluentWait.java:262)\r\n org.openqa.selenium.support.ui.FluentWait.until(FluentWait.java:230)\r\n com.shaft.gui.element.internal.ElementActionsHelper.waitForElementPresence(ElementActionsHelper.java:166)\r\n com.shaft.gui.element.internal.ElementActionsHelper.getMatchingElementsInformation(ElementActionsHelper.java:867)\r\n com.shaft.gui.element.internal.ElementActionsHelper.identifyUniqueElement(ElementActionsHelper.java:830)\r\n com.shaft.gui.element.internal.ElementActionsHelper.identifyUniqueElementIgnoringVisibility(ElementActionsHelper.java:825)\r\n com.shaft.gui.element.internal.FluentElementActions.getText(FluentElementActions.java:547)\r\n pages.SignUpPage.EnterAccountInformationIsVisible(SignUpPage.java:74)\r\n tests.Register.RegisterUser(Register.java:30)\r\n java.base/jdk.internal.reflect.NativeMethodAccessorImpl.invoke0(Native Method)\r\n java.base/jdk.internal.reflect.NativeMethodAccessorImpl.invoke(NativeMethodAccessorImpl.java:77)\r\n java.base/jdk.internal.reflect.DelegatingMethodAccessorImpl.invoke(DelegatingMethodAccessorImpl.java:43)\r\n java.base/java.lang.reflect.Method.invoke(Method.java:568)\r\n org.testng.internal.invokers.MethodInvocationHelper.invokeMethod(MethodInvocationHelper.java:139)\r\n org.testng.internal.invokers.TestInvoker.invokeMethod(TestInvoker.java:664)\r\n org.testng.internal.invokers.TestInvoker.invokeTestMethod(TestInvoker.java:227)\r\n org.testng.internal.invokers.MethodRunner.runInSequence(MethodRunner.java:50)\r\n org.testng.internal.invokers.TestInvoker$MethodInvocationAgent.invoke(TestInvoker.java:957)\r\n org.testng.internal.invokers.TestInvoker.invokeTestMethods(TestInvoker.java:200)\r\n org.testng.internal.invokers.TestMethodWorker.invokeTestMethods(TestMethodWorker.java:148)\r\n org.testng.internal.invokers.TestMethodWorker.run(TestMethodWorker.java:128)\r\n java.base/java.util.ArrayList.forEach(ArrayList.java:1511)\r\n org.testng.TestRunner.privateRun(TestRunner.java:848)\r\n org.testng.TestRunner.run(TestRunner.java:621)\r\n org.testng.SuiteRunner.runTest(SuiteRunner.java:443)\r\n org.testng.SuiteRunner.runSequentially(SuiteRunner.java:437)\r\n org.testng.SuiteRunner.privateRun(SuiteRunner.java:397)\r\n org.testng.SuiteRunner.run(SuiteRunner.java:336)\r\n org.testng.SuiteRunnerWorker.runSuite(SuiteRunnerWorker.java:52)\r\n org.testng.SuiteRunnerWorker.run(SuiteRunnerWorker.java:95)\r\n org.testng.TestNG.runSuitesSequentially(TestNG.java:1280)\r\n org.testng.TestNG.runSuitesLocally(TestNG.java:1200)\r\n org.testng.TestNG.runSuites(TestNG.java:1114)\r\n org.testng.TestNG.run(TestNG.java:1082)\r\n org.apache.maven.surefire.testng.TestNGExecutor.run(TestNGExecutor.java:155)\r\n org.apache.maven.surefire.testng.TestNGDirectoryTestSuite.executeSingleClass(TestNGDirectoryTestSuite.java:102)\r\n org.apache.maven.surefire.testng.TestNGDirectoryTestSuite.execute(TestNGDirectoryTestSuite.java:91)\r\n org.apache.maven.surefire.testng.TestNGProvider.invoke(TestNGProvider.java:137)\r\n org.apache.maven.surefire.booter.ForkedBooter.runSuitesInProcess(ForkedBooter.java:385)\r\n org.apache.maven.surefire.booter.ForkedBooter.execute(ForkedBooter.java:162)\r\n org.apache.maven.surefire.booter.ForkedBooter.run(ForkedBooter.java:507)\r\n org.apache.maven.surefire.booter.ForkedBooter.main(ForkedBooter.java:495)\r\n\r\nCaused by: org.openqa.selenium.NoSuchElementException: no such element: Unable to locate element: {\"method\":\"xpath\",\"selector\":\"//div[@class='login-form']/h2/b\"}\n  (Session info: MicrosoftEdge=115.0.1901.203)\nFor documentation on this error, please visit: https://www.selenium.dev/documentation/webdriver/troubleshooting/errors#no-such-element-exception\nBuild info: version: '4.11.0', revision: '040bc5406b'\nSystem info: os.name: 'Windows 11', os.arch: 'amd64', os.version: '10.0', java.version: '17.0.8'\nDriver info: org.openqa.selenium.edge.EdgeDriver\nCommand: [46a47931a0f5108af3bb911f73db2541, findElement {using=xpath, value=//div[@class='login-form']/h2/b}]\nCapabilities {acceptInsecureCerts: true, browserName: msedge, browserVersion: 115.0.1901.203, ms:edgeOptions: {debuggerAddress: localhost:63744}, msedge: {msedgedriverVersion: 115.0.1901.203 (a5a2b1779bc..., userDataDir: C:\\Users\\SaadS3\\AppData\\Loc...}, networkConnectionEnabled: false, pageLoadStrategy: none, platformName: windows, proxy: Proxy(), se:cdp: ws://localhost:63744/devtoo..., se:cdpVersion: 115.0.1901.203, setWindowRect: true, strictFileInteractability: false, timeouts: {implicit: 0, pageLoad: 60000, script: 30000}, unhandledPromptBehavior: accept and notify, webauthn:extension:credBlob: true, webauthn:extension:largeBlob: true, webauthn:extension:minPinLength: true, webauthn:extension:prf: true, webauthn:virtualAuthenticators: true}\nSession ID: 46a47931a0f5108af3bb911f73db2541\r\n jdk.internal.reflect.GeneratedConstructorAccessor26.newInstance(Unknown Source)\r\n java.base/jdk.internal.reflect.DelegatingConstructorAccessorImpl.newInstance(DelegatingConstructorAccessorImpl.java:45)\r\n java.base/java.lang.reflect.Constructor.newInstanceWithCaller(Constructor.java:499)\r\n java.base/java.lang.reflect.Constructor.newInstance(Constructor.java:480)\r\n org.openqa.selenium.remote.codec.w3c.W3CHttpResponseCodec.createException(W3CHttpResponseCodec.java:200)\r\n org.openqa.selenium.remote.codec.w3c.W3CHttpResponseCodec.decode(W3CHttpResponseCodec.java:133)\r\n org.openqa.selenium.remote.codec.w3c.W3CHttpResponseCodec.decode(W3CHttpResponseCodec.java:52)\r\n org.openqa.selenium.remote.HttpCommandExecutor.execute(HttpCommandExecutor.java:191)\r\n org.openqa.selenium.remote.service.DriverCommandExecutor.invokeExecute(DriverCommandExecutor.java:196)\r\n org.openqa.selenium.remote.service.DriverCommandExecutor.execute(DriverCommandExecutor.java:171)\r\n org.openqa.selenium.remote.RemoteWebDriver.execute(RemoteWebDriver.java:518)\r\n org.openqa.selenium.remote.ElementLocation$ElementFinder$2.findElement(ElementLocation.java:165)\r\n org.openqa.selenium.remote.ElementLocation.findElement(ElementLocation.java:59)\r\n org.openqa.selenium.remote.RemoteWebDriver.findElement(RemoteWebDriver.java:355)\r\n org.openqa.selenium.remote.RemoteWebDriver.findElement(RemoteWebDriver.java:349)\r\n com.shaft.gui.element.internal.ElementActionsHelper.lambda$waitForElementPresence$0(ElementActionsHelper.java:178)\r\n org.openqa.selenium.support.ui.FluentWait.until(FluentWait.java:205)\r\n com.shaft.gui.element.internal.ElementActionsHelper.waitForElementPresence(ElementActionsHelper.java:166)\r\n com.shaft.gui.element.internal.ElementActionsHelper.getMatchingElementsInformation(ElementActionsHelper.java:867)\r\n com.shaft.gui.element.internal.ElementActionsHelper.identifyUniqueElement(ElementActionsHelper.java:830)\r\n com.shaft.gui.element.internal.ElementActionsHelper.identifyUniqueElementIgnoringVisibility(ElementActionsHelper.java:825)\r\n com.shaft.gui.element.internal.FluentElementActions.getText(FluentElementActions.java:547)\r\n pages.SignUpPage.EnterAccountInformationIsVisible(SignUpPage.java:74)\r\n tests.Register.RegisterUser(Register.java:30)\r\n java.base/jdk.internal.reflect.NativeMethodAccessorImpl.invoke0(Native Method)\r\n java.base/jdk.internal.reflect.NativeMethodAccessorImpl.invoke(NativeMethodAccessorImpl.java:77)\r\n java.base/jdk.internal.reflect.DelegatingMethodAccessorImpl.invoke(DelegatingMethodAccessorImpl.java:43)\r\n java.base/java.lang.reflect.Method.invoke(Method.java:568)\r\n org.testng.internal.invokers.MethodInvocationHelper.invokeMethod(MethodInvocationHelper.java:139)\r\n org.testng.internal.invokers.TestInvoker.invokeMethod(TestInvoker.java:664)\r\n org.testng.internal.invokers.TestInvoker.invokeTestMethod(TestInvoker.java:227)\r\n org.testng.internal.invokers.MethodRunner.runInSequence(MethodRunner.java:50)\r\n org.testng.internal.invokers.TestInvoker$MethodInvocationAgent.invoke(TestInvoker.java:957)\r\n org.testng.internal.invokers.TestInvoker.invokeTestMethods(TestInvoker.java:200)\r\n org.testng.internal.invokers.TestMethodWorker.invokeTestMethods(TestMethodWorker.java:148)\r\n org.testng.internal.invokers.TestMethodWorker.run(TestMethodWorker.java:128)\r\n java.base/java.util.ArrayList.forEach(ArrayList.java:1511)\r\n org.testng.TestRunner.privateRun(TestRunner.java:848)\r\n org.testng.TestRunner.run(TestRunner.java:621)\r\n org.testng.SuiteRunner.runTest(SuiteRunner.java:443)\r\n org.testng.SuiteRunner.runSequentially(SuiteRunner.java:437)\r\n org.testng.SuiteRunner.privateRun(SuiteRunner.java:397)\r\n org.testng.SuiteRunner.run(SuiteRunner.java:336)\r\n org.testng.SuiteRunnerWorker.runSuite(SuiteRunnerWorker.java:52)\r\n org.testng.SuiteRunnerWorker.run(SuiteRunnerWorker.java:95)\r\n org.testng.TestNG.runSuitesSequentially(TestNG.java:1280)\r\n org.testng.TestNG.runSuitesLocally(TestNG.java:1200)\r\n org.testng.TestNG.runSuites(TestNG.java:1114)\r\n org.testng.TestNG.run(TestNG.java:1082)\r\n org.apache.maven.surefire.testng.TestNGExecutor.run(TestNGExecutor.java:155)\r\n org.apache.maven.surefire.testng.TestNGDirectoryTestSuite.executeSingleClass(TestNGDirectoryTestSuite.java:102)\r\n org.apache.maven.surefire.testng.TestNGDirectoryTestSuite.execute(TestNGDirectoryTestSuite.java:91)\r\n org.apache.maven.surefire.testng.TestNGProvider.invoke(TestNGProvider.java:137)\r\n org.apache.maven.surefire.booter.ForkedBooter.runSuitesInProcess(ForkedBooter.java:385)\r\n org.apache.maven.surefire.booter.ForkedBooter.execute(ForkedBooter.java:162)\r\n org.apache.maven.surefire.booter.ForkedBooter.run(ForkedBooter.java:507)\r\n org.apache.maven.surefire.booter.ForkedBooter.main(ForkedBooter.java:495)\r\n]]"},{"name":"status","value":"FAIL"}],"start":1692105662174,"stop":1692105662191}],"attachments":[{"name":"SHAFT Engine Logs - Current Method log: setup","source":"cafff562-8294-4394-abf0-96a65275ce8d-attachment.txt","type":"text/plain"},{"name":"SHAFT Engine Logs - Current Method log: RegisterUser","source":"f2fcb04d-50b8-4c7a-93fd-5f9b0e77cdae-attachment.txt","type":"text/plain"}],"parameters":[],"start":1692105581252,"stop":1692105662201}